2021-02-17 14:51:10.669 [http-nio-8080-exec-4] DEBUG com.my.blog.website.service.impl.ContentServiceImpl - Enter getContents method
2021-02-17 14:51:15.193 [http-nio-8080-exec-4] DEBUG com.my.blog.website.service.impl.ContentServiceImpl - Exit getContents method
2021-02-17 14:55:27.144 [http-nio-8080-exec-5] INFO  com.my.blog.website.controller.admin.IndexController - Enter admin index method
2021-02-17 14:55:27.161 [http-nio-8080-exec-5] DEBUG com.my.blog.website.service.impl.SiteServiceImpl - Enter recentComments method:limit=5
2021-02-17 14:55:27.410 [http-nio-8080-exec-5] DEBUG com.my.blog.website.service.impl.SiteServiceImpl - Exit recentComments method
2021-02-17 14:55:27.410 [http-nio-8080-exec-5] DEBUG com.my.blog.website.service.impl.SiteServiceImpl - Enter recentContents method
2021-02-17 14:55:27.480 [http-nio-8080-exec-5] DEBUG com.my.blog.website.service.impl.SiteServiceImpl - Exit recentContents method
2021-02-17 14:55:27.480 [http-nio-8080-exec-5] DEBUG com.my.blog.website.service.impl.SiteServiceImpl - Enter getStatistics method
2021-02-17 14:55:28.200 [http-nio-8080-exec-5] DEBUG com.my.blog.website.service.impl.SiteServiceImpl - Exit getStatistics method
2021-02-17 14:55:28.201 [http-nio-8080-exec-5] DEBUG com.my.blog.website.service.impl.LogServiceImpl - Enter getLogs method:page=1,linit=5
2021-02-17 14:55:28.351 [http-nio-8080-exec-5] DEBUG com.my.blog.website.service.impl.LogServiceImpl - Exit getLogs method
2021-02-17 14:55:28.351 [http-nio-8080-exec-5] INFO  com.my.blog.website.controller.admin.IndexController - Exit admin index method
2021-02-17 15:00:44.049 [http-nio-8080-exec-8] INFO  com.my.blog.website.controller.admin.IndexController - Enter admin index method
2021-02-17 15:00:44.049 [http-nio-8080-exec-8] DEBUG com.my.blog.website.service.impl.SiteServiceImpl - Enter recentComments method:limit=5
2021-02-17 15:00:44.059 [http-nio-8080-exec-3] INFO  com.my.blog.website.controller.admin.IndexController - Enter admin index method
2021-02-17 15:00:44.059 [http-nio-8080-exec-3] DEBUG com.my.blog.website.service.impl.SiteServiceImpl - Enter recentComments method:limit=5
2021-02-17 15:00:44.313 [http-nio-8080-exec-8] DEBUG com.my.blog.website.service.impl.SiteServiceImpl - Exit recentComments method
2021-02-17 15:00:44.313 [http-nio-8080-exec-8] DEBUG com.my.blog.website.service.impl.SiteServiceImpl - Enter recentContents method
2021-02-17 15:00:44.673 [http-nio-8080-exec-3] DEBUG com.my.blog.website.service.impl.SiteServiceImpl - Exit recentComments method
2021-02-17 15:00:44.673 [http-nio-8080-exec-3] DEBUG com.my.blog.website.service.impl.SiteServiceImpl - Enter recentContents method
2021-02-17 15:00:45.025 [http-nio-8080-exec-8] DEBUG com.my.blog.website.service.impl.SiteServiceImpl - Exit recentContents method
2021-02-17 15:00:45.025 [http-nio-8080-exec-8] DEBUG com.my.blog.website.service.impl.SiteServiceImpl - Enter getStatistics method
2021-02-17 15:00:45.028 [http-nio-8080-exec-3] DEBUG com.my.blog.website.service.impl.SiteServiceImpl - Exit recentContents method
2021-02-17 15:00:45.028 [http-nio-8080-exec-3] DEBUG com.my.blog.website.service.impl.SiteServiceImpl - Enter getStatistics method
2021-02-17 15:00:45.041 [http-nio-8080-exec-3] DEBUG com.my.blog.website.service.impl.SiteServiceImpl - Exit getStatistics method
2021-02-17 15:00:45.041 [http-nio-8080-exec-3] DEBUG com.my.blog.website.service.impl.LogServiceImpl - Enter getLogs method:page=1,linit=5
2021-02-17 15:00:45.138 [http-nio-8080-exec-3] DEBUG com.my.blog.website.service.impl.LogServiceImpl - Exit getLogs method
2021-02-17 15:00:45.138 [http-nio-8080-exec-3] INFO  com.my.blog.website.controller.admin.IndexController - Exit admin index method
2021-02-17 15:00:45.140 [http-nio-8080-exec-8] DEBUG com.my.blog.website.service.impl.SiteServiceImpl - Exit getStatistics method
2021-02-17 15:00:45.140 [http-nio-8080-exec-8] DEBUG com.my.blog.website.service.impl.LogServiceImpl - Enter getLogs method:page=1,linit=5
2021-02-17 15:00:45.336 [http-nio-8080-exec-8] DEBUG com.my.blog.website.service.impl.LogServiceImpl - Exit getLogs method
2021-02-17 15:00:45.337 [http-nio-8080-exec-8] INFO  com.my.blog.website.controller.admin.IndexController - Exit admin index method
2021-02-17 15:01:53.998 [http-nio-8080-exec-7] INFO  com.my.blog.website.controller.admin.IndexController - Enter admin index method
2021-02-17 15:01:53.998 [http-nio-8080-exec-7] DEBUG com.my.blog.website.service.impl.SiteServiceImpl - Enter recentComments method:limit=5
2021-02-17 15:01:54.165 [http-nio-8080-exec-7] DEBUG com.my.blog.website.service.impl.SiteServiceImpl - Exit recentComments method
2021-02-17 15:01:54.165 [http-nio-8080-exec-7] DEBUG com.my.blog.website.service.impl.SiteServiceImpl - Enter recentContents method
2021-02-17 15:01:54.203 [http-nio-8080-exec-7] DEBUG com.my.blog.website.service.impl.SiteServiceImpl - Exit recentContents method
2021-02-17 15:01:54.203 [http-nio-8080-exec-7] DEBUG com.my.blog.website.service.impl.SiteServiceImpl - Enter getStatistics method
2021-02-17 15:01:54.216 [http-nio-8080-exec-7] DEBUG com.my.blog.website.service.impl.SiteServiceImpl - Exit getStatistics method
2021-02-17 15:01:54.216 [http-nio-8080-exec-7] DEBUG com.my.blog.website.service.impl.LogServiceImpl - Enter getLogs method:page=1,linit=5
2021-02-17 15:01:54.220 [http-nio-8080-exec-7] DEBUG com.my.blog.website.service.impl.LogServiceImpl - Exit getLogs method
2021-02-17 15:01:54.220 [http-nio-8080-exec-7] INFO  com.my.blog.website.controller.admin.IndexController - Exit admin index method
2021-02-17 15:06:15.511 [http-nio-8080-exec-5] DEBUG com.my.blog.website.service.impl.ContentServiceImpl - Enter getContents method
2021-02-17 15:06:15.543 [http-nio-8080-exec-5] DEBUG com.my.blog.website.service.impl.ContentServiceImpl - Exit getContents method
2021-02-17 15:06:30.382 [http-nio-8080-exec-10] DEBUG com.my.blog.website.service.impl.SiteServiceImpl - Enter getArchives method
2021-02-17 15:06:34.353 [http-nio-8080-exec-10] DEBUG com.my.blog.website.service.impl.SiteServiceImpl - Exit getArchives method
2021-02-17 15:07:36.900 [http-nio-8080-exec-1] DEBUG com.my.blog.website.service.impl.ContentServiceImpl - Enter getContents method
2021-02-17 15:07:36.906 [http-nio-8080-exec-1] DEBUG com.my.blog.website.service.impl.ContentServiceImpl - Exit getContents method
2021-02-17 15:09:07.873 [http-nio-8080-exec-1] INFO  com.my.blog.website.controller.admin.IndexController - Enter admin index method
2021-02-17 15:09:07.873 [http-nio-8080-exec-1] DEBUG com.my.blog.website.service.impl.SiteServiceImpl - Enter recentComments method:limit=5
2021-02-17 15:09:07.879 [http-nio-8080-exec-1] DEBUG com.my.blog.website.service.impl.SiteServiceImpl - Exit recentComments method
2021-02-17 15:09:07.879 [http-nio-8080-exec-1] DEBUG com.my.blog.website.service.impl.SiteServiceImpl - Enter recentContents method
2021-02-17 15:09:07.933 [http-nio-8080-exec-1] DEBUG com.my.blog.website.service.impl.SiteServiceImpl - Exit recentContents method
2021-02-17 15:09:07.933 [http-nio-8080-exec-1] DEBUG com.my.blog.website.service.impl.SiteServiceImpl - Enter getStatistics method
2021-02-17 15:09:07.940 [http-nio-8080-exec-1] DEBUG com.my.blog.website.service.impl.SiteServiceImpl - Exit getStatistics method
2021-02-17 15:09:07.940 [http-nio-8080-exec-1] DEBUG com.my.blog.website.service.impl.LogServiceImpl - Enter getLogs method:page=1,linit=5
2021-02-17 15:09:07.943 [http-nio-8080-exec-1] DEBUG com.my.blog.website.service.impl.LogServiceImpl - Exit getLogs method
2021-02-17 15:09:07.943 [http-nio-8080-exec-1] INFO  com.my.blog.website.controller.admin.IndexController - Exit admin index method
2021-02-17 15:09:52.881 [http-nio-8080-exec-10] DEBUG com.my.blog.website.service.impl.SiteServiceImpl - Enter getArchives method
2021-02-17 15:09:52.891 [http-nio-8080-exec-10] DEBUG com.my.blog.website.service.impl.SiteServiceImpl - Exit getArchives method
2021-02-17 15:10:38.597 [http-nio-8080-exec-7] INFO  com.my.blog.website.controller.admin.IndexController - Enter admin index method
2021-02-17 15:10:38.597 [http-nio-8080-exec-7] DEBUG com.my.blog.website.service.impl.SiteServiceImpl - Enter recentComments method:limit=5
2021-02-17 15:10:38.826 [http-nio-8080-exec-7] DEBUG com.my.blog.website.service.impl.SiteServiceImpl - Exit recentComments method
2021-02-17 15:10:38.826 [http-nio-8080-exec-7] DEBUG com.my.blog.website.service.impl.SiteServiceImpl - Enter recentContents method
2021-02-17 15:10:38.836 [http-nio-8080-exec-7] DEBUG com.my.blog.website.service.impl.SiteServiceImpl - Exit recentContents method
2021-02-17 15:10:38.836 [http-nio-8080-exec-7] DEBUG com.my.blog.website.service.impl.SiteServiceImpl - Enter getStatistics method
2021-02-17 15:10:39.156 [http-nio-8080-exec-7] DEBUG com.my.blog.website.service.impl.SiteServiceImpl - Exit getStatistics method
2021-02-17 15:10:39.156 [http-nio-8080-exec-7] DEBUG com.my.blog.website.service.impl.LogServiceImpl - Enter getLogs method:page=1,linit=5
2021-02-17 15:10:39.164 [http-nio-8080-exec-7] DEBUG com.my.blog.website.service.impl.LogServiceImpl - Exit getLogs method
2021-02-17 15:10:39.164 [http-nio-8080-exec-7] INFO  com.my.blog.website.controller.admin.IndexController - Exit admin index method
2021-02-17 15:11:00.395 [http-nio-8080-exec-3] DEBUG com.my.blog.website.service.impl.ContentServiceImpl - Enter getContents method
2021-02-17 15:11:00.426 [http-nio-8080-exec-3] DEBUG com.my.blog.website.service.impl.ContentServiceImpl - Exit getContents method
2021-02-17 15:22:22.489 [http-nio-8080-exec-1] INFO  com.my.blog.website.controller.admin.IndexController - Enter admin index method
2021-02-17 15:22:22.492 [http-nio-8080-exec-1] DEBUG com.my.blog.website.service.impl.SiteServiceImpl - Enter recentComments method:limit=5
2021-02-17 15:22:23.316 [http-nio-8080-exec-1] DEBUG com.my.blog.website.service.impl.SiteServiceImpl - Exit recentComments method
2021-02-17 15:22:23.316 [http-nio-8080-exec-1] DEBUG com.my.blog.website.service.impl.SiteServiceImpl - Enter recentContents method
2021-02-17 15:22:23.439 [http-nio-8080-exec-1] DEBUG com.my.blog.website.service.impl.SiteServiceImpl - Exit recentContents method
2021-02-17 15:22:23.439 [http-nio-8080-exec-1] DEBUG com.my.blog.website.service.impl.SiteServiceImpl - Enter getStatistics method
2021-02-17 15:22:23.603 [http-nio-8080-exec-1] DEBUG com.my.blog.website.service.impl.SiteServiceImpl - Exit getStatistics method
2021-02-17 15:22:23.604 [http-nio-8080-exec-1] DEBUG com.my.blog.website.service.impl.LogServiceImpl - Enter getLogs method:page=1,linit=5
2021-02-17 15:22:23.633 [http-nio-8080-exec-1] DEBUG com.my.blog.website.service.impl.LogServiceImpl - Exit getLogs method
2021-02-17 15:22:23.633 [http-nio-8080-exec-1] INFO  com.my.blog.website.controller.admin.IndexController - Exit admin index method
2021-02-17 15:23:15.277 [http-nio-8080-exec-6] INFO  com.my.blog.website.controller.admin.IndexController - Enter admin index method
2021-02-17 15:23:15.277 [http-nio-8080-exec-6] DEBUG com.my.blog.website.service.impl.SiteServiceImpl - Enter recentComments method:limit=5
2021-02-17 15:23:15.304 [http-nio-8080-exec-6] DEBUG com.my.blog.website.service.impl.SiteServiceImpl - Exit recentComments method
2021-02-17 15:23:15.304 [http-nio-8080-exec-6] DEBUG com.my.blog.website.service.impl.SiteServiceImpl - Enter recentContents method
2021-02-17 15:23:15.322 [http-nio-8080-exec-6] DEBUG com.my.blog.website.service.impl.SiteServiceImpl - Exit recentContents method
2021-02-17 15:23:15.322 [http-nio-8080-exec-6] DEBUG com.my.blog.website.service.impl.SiteServiceImpl - Enter getStatistics method
2021-02-17 15:23:15.349 [http-nio-8080-exec-6] DEBUG com.my.blog.website.service.impl.SiteServiceImpl - Exit getStatistics method
2021-02-17 15:23:15.349 [http-nio-8080-exec-6] DEBUG com.my.blog.website.service.impl.LogServiceImpl - Enter getLogs method:page=1,linit=5
2021-02-17 15:23:15.579 [http-nio-8080-exec-6] DEBUG com.my.blog.website.service.impl.LogServiceImpl - Exit getLogs method
2021-02-17 15:23:15.579 [http-nio-8080-exec-6] INFO  com.my.blog.website.controller.admin.IndexController - Exit admin index method
2021-02-17 15:56:16.231 [http-nio-8080-exec-6] INFO  com.my.blog.website.controller.admin.IndexController - Enter admin index method
2021-02-17 15:56:16.252 [http-nio-8080-exec-6] DEBUG com.my.blog.website.service.impl.SiteServiceImpl - Enter recentComments method:limit=2
2021-02-17 15:56:16.890 [http-nio-8080-exec-6] DEBUG com.my.blog.website.service.impl.SiteServiceImpl - Exit recentComments method
2021-02-17 15:56:16.890 [http-nio-8080-exec-6] DEBUG com.my.blog.website.service.impl.SiteServiceImpl - Enter recentContents method
2021-02-17 15:56:17.375 [http-nio-8080-exec-6] DEBUG com.my.blog.website.service.impl.SiteServiceImpl - Exit recentContents method
2021-02-17 15:56:17.375 [http-nio-8080-exec-6] DEBUG com.my.blog.website.service.impl.SiteServiceImpl - Enter getStatistics method
2021-02-17 15:56:17.671 [http-nio-8080-exec-6] DEBUG com.my.blog.website.service.impl.SiteServiceImpl - Exit getStatistics method
2021-02-17 15:56:17.671 [http-nio-8080-exec-6] DEBUG com.my.blog.website.service.impl.LogServiceImpl - Enter getLogs method:page=1,linit=2
2021-02-17 15:56:17.865 [http-nio-8080-exec-6] DEBUG com.my.blog.website.service.impl.LogServiceImpl - Exit getLogs method
2021-02-17 15:56:17.866 [http-nio-8080-exec-6] INFO  com.my.blog.website.controller.admin.IndexController - Exit admin index method
2021-02-17 16:40:22.385 [http-nio-8080-exec-6] DEBUG com.my.blog.website.service.impl.ContentServiceImpl - Enter getContents method
2021-02-17 16:41:05.449 [http-nio-8080-exec-8] DEBUG com.my.blog.website.service.impl.ContentServiceImpl - Enter getContents method
2021-02-17 16:41:07.968 [http-nio-8080-exec-6] DEBUG com.my.blog.website.service.impl.ContentServiceImpl - Exit getContents method
2021-02-17 16:41:10.113 [http-nio-8080-exec-8] DEBUG com.my.blog.website.service.impl.ContentServiceImpl - Exit getContents method
2021-02-17 16:45:13.118 [http-nio-8080-exec-4] INFO  com.my.blog.website.controller.admin.IndexController - Enter admin index method
2021-02-17 16:45:13.137 [http-nio-8080-exec-4] DEBUG com.my.blog.website.service.impl.SiteServiceImpl - Enter recentComments method:limit=2
2021-02-17 16:45:13.311 [http-nio-8080-exec-4] DEBUG com.my.blog.website.service.impl.SiteServiceImpl - Exit recentComments method
2021-02-17 16:45:13.311 [http-nio-8080-exec-4] DEBUG com.my.blog.website.service.impl.SiteServiceImpl - Enter recentContents method
2021-02-17 16:45:13.400 [http-nio-8080-exec-4] DEBUG com.my.blog.website.service.impl.SiteServiceImpl - Exit recentContents method
2021-02-17 16:45:13.401 [http-nio-8080-exec-4] DEBUG com.my.blog.website.service.impl.SiteServiceImpl - Enter getStatistics method
2021-02-17 16:45:13.829 [http-nio-8080-exec-4] DEBUG com.my.blog.website.service.impl.SiteServiceImpl - Exit getStatistics method
2021-02-17 16:45:13.829 [http-nio-8080-exec-4] DEBUG com.my.blog.website.service.impl.LogServiceImpl - Enter getLogs method:page=1,linit=2
2021-02-17 16:45:13.886 [http-nio-8080-exec-4] DEBUG com.my.blog.website.service.impl.LogServiceImpl - Exit getLogs method
2021-02-17 16:45:13.886 [http-nio-8080-exec-4] INFO  com.my.blog.website.controller.admin.IndexController - Exit admin index method
2021-02-17 16:48:16.046 [http-nio-8080-exec-10] INFO  com.my.blog.website.controller.admin.IndexController - Enter admin index method
2021-02-17 16:48:16.046 [http-nio-8080-exec-10] DEBUG com.my.blog.website.service.impl.SiteServiceImpl - Enter recentComments method:limit=2
2021-02-17 16:48:16.094 [http-nio-8080-exec-10] DEBUG com.my.blog.website.service.impl.SiteServiceImpl - Exit recentComments method
2021-02-17 16:48:16.094 [http-nio-8080-exec-10] DEBUG com.my.blog.website.service.impl.SiteServiceImpl - Enter recentContents method
2021-02-17 16:48:16.100 [http-nio-8080-exec-10] DEBUG com.my.blog.website.service.impl.SiteServiceImpl - Exit recentContents method
2021-02-17 16:48:16.100 [http-nio-8080-exec-10] DEBUG com.my.blog.website.service.impl.SiteServiceImpl - Enter getStatistics method
2021-02-17 16:48:16.153 [http-nio-8080-exec-10] DEBUG com.my.blog.website.service.impl.SiteServiceImpl - Exit getStatistics method
2021-02-17 16:48:16.153 [http-nio-8080-exec-10] DEBUG com.my.blog.website.service.impl.LogServiceImpl - Enter getLogs method:page=1,linit=2
2021-02-17 16:48:16.196 [http-nio-8080-exec-10] DEBUG com.my.blog.website.service.impl.LogServiceImpl - Exit getLogs method
2021-02-17 16:48:16.196 [http-nio-8080-exec-10] INFO  com.my.blog.website.controller.admin.IndexController - Exit admin index method
2021-02-17 17:06:49.253 [http-nio-8080-exec-4] INFO  com.my.blog.website.controller.admin.IndexController - Enter admin index method
2021-02-17 17:06:49.255 [http-nio-8080-exec-4] DEBUG com.my.blog.website.service.impl.SiteServiceImpl - Enter recentComments method:limit=2
2021-02-17 17:06:49.264 [http-nio-8080-exec-4] DEBUG com.my.blog.website.service.impl.SiteServiceImpl - Exit recentComments method
2021-02-17 17:06:49.264 [http-nio-8080-exec-4] DEBUG com.my.blog.website.service.impl.SiteServiceImpl - Enter recentContents method
2021-02-17 17:06:49.290 [http-nio-8080-exec-4] DEBUG com.my.blog.website.service.impl.SiteServiceImpl - Exit recentContents method
2021-02-17 17:06:49.290 [http-nio-8080-exec-4] DEBUG com.my.blog.website.service.impl.SiteServiceImpl - Enter getStatistics method
2021-02-17 17:06:49.317 [http-nio-8080-exec-4] DEBUG com.my.blog.website.service.impl.SiteServiceImpl - Exit getStatistics method
2021-02-17 17:06:49.317 [http-nio-8080-exec-4] DEBUG com.my.blog.website.service.impl.LogServiceImpl - Enter getLogs method:page=1,linit=2
2021-02-17 17:06:49.320 [http-nio-8080-exec-4] DEBUG com.my.blog.website.service.impl.LogServiceImpl - Exit getLogs method
2021-02-17 17:06:49.320 [http-nio-8080-exec-4] INFO  com.my.blog.website.controller.admin.IndexController - Exit admin index method
2021-02-17 17:10:14.361 [http-nio-8080-exec-9] DEBUG com.my.blog.website.service.impl.ContentServiceImpl - Enter getContents method
2021-02-17 17:10:14.368 [http-nio-8080-exec-9] DEBUG com.my.blog.website.service.impl.ContentServiceImpl - Exit getContents method
2021-02-17 17:10:22.470 [http-nio-8080-exec-3] DEBUG com.my.blog.website.service.impl.SiteServiceImpl - Enter getArchives method
2021-02-17 17:10:22.676 [http-nio-8080-exec-3] DEBUG com.my.blog.website.service.impl.SiteServiceImpl - Exit getArchives method
2021-02-17 17:10:26.213 [http-nio-8080-exec-6] DEBUG com.my.blog.website.service.impl.SiteServiceImpl - Enter getArchives method
2021-02-17 17:10:26.229 [http-nio-8080-exec-6] DEBUG com.my.blog.website.service.impl.SiteServiceImpl - Exit getArchives method
2021-02-17 17:10:39.840 [http-nio-8080-exec-9] DEBUG com.my.blog.website.service.impl.SiteServiceImpl - Enter getArchives method
2021-02-17 17:10:39.847 [http-nio-8080-exec-9] DEBUG com.my.blog.website.service.impl.SiteServiceImpl - Exit getArchives method
2021-02-17 17:12:46.253 [http-nio-8080-exec-10] DEBUG com.my.blog.website.service.impl.SiteServiceImpl - Enter getArchives method
2021-02-17 17:12:46.261 [http-nio-8080-exec-10] DEBUG com.my.blog.website.service.impl.SiteServiceImpl - Exit getArchives method
2021-02-17 17:13:06.206 [http-nio-8080-exec-9] DEBUG com.my.blog.website.service.impl.ContentServiceImpl - Enter getContents method
2021-02-17 17:13:06.428 [http-nio-8080-exec-9] DEBUG com.my.blog.website.service.impl.ContentServiceImpl - Exit getContents method
2021-02-17 17:18:03.811 [http-nio-8080-exec-4] INFO  com.my.blog.website.controller.admin.IndexController - Enter admin index method
2021-02-17 17:18:03.811 [http-nio-8080-exec-4] DEBUG com.my.blog.website.service.impl.SiteServiceImpl - Enter recentComments method:limit=2
2021-02-17 17:18:03.815 [http-nio-8080-exec-4] DEBUG com.my.blog.website.service.impl.SiteServiceImpl - Exit recentComments method
2021-02-17 17:18:03.815 [http-nio-8080-exec-4] DEBUG com.my.blog.website.service.impl.SiteServiceImpl - Enter recentContents method
2021-02-17 17:18:03.820 [http-nio-8080-exec-4] DEBUG com.my.blog.website.service.impl.SiteServiceImpl - Exit recentContents method
2021-02-17 17:18:03.821 [http-nio-8080-exec-4] DEBUG com.my.blog.website.service.impl.SiteServiceImpl - Enter getStatistics method
2021-02-17 17:18:03.832 [http-nio-8080-exec-4] DEBUG com.my.blog.website.service.impl.SiteServiceImpl - Exit getStatistics method
2021-02-17 17:18:03.832 [http-nio-8080-exec-4] DEBUG com.my.blog.website.service.impl.LogServiceImpl - Enter getLogs method:page=1,linit=2
2021-02-17 17:18:03.835 [http-nio-8080-exec-4] DEBUG com.my.blog.website.service.impl.LogServiceImpl - Exit getLogs method
2021-02-17 17:18:03.835 [http-nio-8080-exec-4] INFO  com.my.blog.website.controller.admin.IndexController - Exit admin index method
2021-02-17 17:18:27.951 [http-nio-8080-exec-1] INFO  com.my.blog.website.controller.admin.IndexController - Enter admin index method
2021-02-17 17:18:27.951 [http-nio-8080-exec-1] DEBUG com.my.blog.website.service.impl.SiteServiceImpl - Enter recentComments method:limit=2
2021-02-17 17:18:27.954 [http-nio-8080-exec-1] DEBUG com.my.blog.website.service.impl.SiteServiceImpl - Exit recentComments method
2021-02-17 17:18:27.954 [http-nio-8080-exec-1] DEBUG com.my.blog.website.service.impl.SiteServiceImpl - Enter recentContents method
2021-02-17 17:18:27.958 [http-nio-8080-exec-1] DEBUG com.my.blog.website.service.impl.SiteServiceImpl - Exit recentContents method
2021-02-17 17:18:27.958 [http-nio-8080-exec-1] DEBUG com.my.blog.website.service.impl.SiteServiceImpl - Enter getStatistics method
2021-02-17 17:18:27.995 [http-nio-8080-exec-1] DEBUG com.my.blog.website.service.impl.SiteServiceImpl - Exit getStatistics method
2021-02-17 17:18:27.995 [http-nio-8080-exec-1] DEBUG com.my.blog.website.service.impl.LogServiceImpl - Enter getLogs method:page=1,linit=2
2021-02-17 17:18:27.999 [http-nio-8080-exec-1] DEBUG com.my.blog.website.service.impl.LogServiceImpl - Exit getLogs method
2021-02-17 17:18:27.999 [http-nio-8080-exec-1] INFO  com.my.blog.website.controller.admin.IndexController - Exit admin index method
2021-02-17 17:18:37.470 [http-nio-8080-exec-7] INFO  com.my.blog.website.controller.admin.IndexController - Enter admin index method
2021-02-17 17:18:37.470 [http-nio-8080-exec-7] DEBUG com.my.blog.website.service.impl.SiteServiceImpl - Enter recentComments method:limit=2
2021-02-17 17:18:37.473 [http-nio-8080-exec-7] DEBUG com.my.blog.website.service.impl.SiteServiceImpl - Exit recentComments method
2021-02-17 17:18:37.473 [http-nio-8080-exec-7] DEBUG com.my.blog.website.service.impl.SiteServiceImpl - Enter recentContents method
2021-02-17 17:18:37.481 [http-nio-8080-exec-7] DEBUG com.my.blog.website.service.impl.SiteServiceImpl - Exit recentContents method
2021-02-17 17:18:37.481 [http-nio-8080-exec-7] DEBUG com.my.blog.website.service.impl.SiteServiceImpl - Enter getStatistics method
2021-02-17 17:18:37.487 [http-nio-8080-exec-7] DEBUG com.my.blog.website.service.impl.SiteServiceImpl - Exit getStatistics method
2021-02-17 17:18:37.487 [http-nio-8080-exec-7] DEBUG com.my.blog.website.service.impl.LogServiceImpl - Enter getLogs method:page=1,linit=2
2021-02-17 17:18:37.490 [http-nio-8080-exec-7] DEBUG com.my.blog.website.service.impl.LogServiceImpl - Exit getLogs method
2021-02-17 17:18:37.490 [http-nio-8080-exec-7] INFO  com.my.blog.website.controller.admin.IndexController - Exit admin index method
2021-02-17 17:18:44.622 [http-nio-8080-exec-5] INFO  com.my.blog.website.controller.admin.IndexController - Enter admin index method
2021-02-17 17:18:44.622 [http-nio-8080-exec-5] DEBUG com.my.blog.website.service.impl.SiteServiceImpl - Enter recentComments method:limit=2
2021-02-17 17:18:44.628 [http-nio-8080-exec-5] DEBUG com.my.blog.website.service.impl.SiteServiceImpl - Exit recentComments method
2021-02-17 17:18:44.628 [http-nio-8080-exec-5] DEBUG com.my.blog.website.service.impl.SiteServiceImpl - Enter recentContents method
2021-02-17 17:18:44.634 [http-nio-8080-exec-5] DEBUG com.my.blog.website.service.impl.SiteServiceImpl - Exit recentContents method
2021-02-17 17:18:44.634 [http-nio-8080-exec-5] DEBUG com.my.blog.website.service.impl.SiteServiceImpl - Enter getStatistics method
2021-02-17 17:18:44.640 [http-nio-8080-exec-5] DEBUG com.my.blog.website.service.impl.SiteServiceImpl - Exit getStatistics method
2021-02-17 17:18:44.640 [http-nio-8080-exec-5] DEBUG com.my.blog.website.service.impl.LogServiceImpl - Enter getLogs method:page=1,linit=2
2021-02-17 17:18:44.647 [http-nio-8080-exec-5] DEBUG com.my.blog.website.service.impl.LogServiceImpl - Exit getLogs method
2021-02-17 17:18:44.647 [http-nio-8080-exec-5] INFO  com.my.blog.website.controller.admin.IndexController - Exit admin index method
2021-02-17 18:15:10.637 [http-nio-8080-exec-1] INFO  com.my.blog.website.controller.admin.IndexController - Enter admin index method
2021-02-17 18:15:10.637 [http-nio-8080-exec-1] DEBUG com.my.blog.website.service.impl.SiteServiceImpl - Enter recentComments method:limit=2
2021-02-17 18:15:10.868 [http-nio-8080-exec-1] DEBUG com.my.blog.website.service.impl.SiteServiceImpl - Exit recentComments method
2021-02-17 18:15:10.868 [http-nio-8080-exec-1] DEBUG com.my.blog.website.service.impl.SiteServiceImpl - Enter recentContents method
2021-02-17 18:15:10.999 [http-nio-8080-exec-1] DEBUG com.my.blog.website.service.impl.SiteServiceImpl - Exit recentContents method
2021-02-17 18:15:10.999 [http-nio-8080-exec-1] DEBUG com.my.blog.website.service.impl.SiteServiceImpl - Enter getStatistics method
2021-02-17 18:15:11.063 [http-nio-8080-exec-1] DEBUG com.my.blog.website.service.impl.SiteServiceImpl - Exit getStatistics method
2021-02-17 18:15:11.063 [http-nio-8080-exec-1] DEBUG com.my.blog.website.service.impl.LogServiceImpl - Enter getLogs method:page=1,linit=2
2021-02-17 18:15:11.274 [http-nio-8080-exec-1] DEBUG com.my.blog.website.service.impl.LogServiceImpl - Exit getLogs method
2021-02-17 18:15:11.274 [http-nio-8080-exec-1] INFO  com.my.blog.website.controller.admin.IndexController - Exit admin index method
2021-02-17 22:11:37.157 [http-nio-8080-exec-9] INFO  com.my.blog.website.controller.admin.IndexController - Enter admin index method
2021-02-17 22:11:37.202 [http-nio-8080-exec-9] DEBUG com.my.blog.website.service.impl.SiteServiceImpl - Enter recentComments method:limit=2
2021-02-17 22:11:37.707 [http-nio-8080-exec-9] DEBUG com.my.blog.website.service.impl.SiteServiceImpl - Exit recentComments method
2021-02-17 22:11:37.707 [http-nio-8080-exec-9] DEBUG com.my.blog.website.service.impl.SiteServiceImpl - Enter recentContents method
2021-02-17 22:11:37.857 [http-nio-8080-exec-9] DEBUG com.my.blog.website.service.impl.SiteServiceImpl - Exit recentContents method
2021-02-17 22:11:37.857 [http-nio-8080-exec-9] DEBUG com.my.blog.website.service.impl.SiteServiceImpl - Enter getStatistics method
2021-02-17 22:11:39.263 [http-nio-8080-exec-9] DEBUG com.my.blog.website.service.impl.SiteServiceImpl - Exit getStatistics method
2021-02-17 22:11:39.263 [http-nio-8080-exec-9] DEBUG com.my.blog.website.service.impl.LogServiceImpl - Enter getLogs method:page=1,linit=2
2021-02-17 22:11:39.416 [http-nio-8080-exec-9] DEBUG com.my.blog.website.service.impl.LogServiceImpl - Exit getLogs method
2021-02-17 22:11:39.416 [http-nio-8080-exec-9] INFO  com.my.blog.website.controller.admin.IndexController - Exit admin index method
2021-02-17 23:52:34.984 [http-nio-8080-exec-8] INFO  com.my.blog.website.controller.admin.IndexController - Enter admin index method
2021-02-17 23:52:35.022 [http-nio-8080-exec-8] DEBUG com.my.blog.website.service.impl.SiteServiceImpl - Enter recentComments method:limit=2
2021-02-17 23:52:36.148 [http-nio-8080-exec-8] DEBUG com.my.blog.website.service.impl.SiteServiceImpl - Exit recentComments method
2021-02-17 23:52:36.148 [http-nio-8080-exec-8] DEBUG com.my.blog.website.service.impl.SiteServiceImpl - Enter recentContents method
2021-02-17 23:52:36.693 [http-nio-8080-exec-8] DEBUG com.my.blog.website.service.impl.SiteServiceImpl - Exit recentContents method
2021-02-17 23:52:36.693 [http-nio-8080-exec-8] DEBUG com.my.blog.website.service.impl.SiteServiceImpl - Enter getStatistics method
2021-02-17 23:52:37.171 [http-nio-8080-exec-8] DEBUG com.my.blog.website.service.impl.SiteServiceImpl - Exit getStatistics method
2021-02-17 23:52:37.171 [http-nio-8080-exec-8] DEBUG com.my.blog.website.service.impl.LogServiceImpl - Enter getLogs method:page=1,linit=2
2021-02-17 23:52:37.297 [http-nio-8080-exec-8] DEBUG com.my.blog.website.service.impl.LogServiceImpl - Exit getLogs method
2021-02-17 23:52:37.298 [http-nio-8080-exec-8] INFO  com.my.blog.website.controller.admin.IndexController - Exit admin index method
